<?xml version="1.0" encoding="UTF-8"?>
<!-- Generated by org.testng.reporters.JUnitReportReporter -->
<testsuite hostname="DESKTOP-L2JFHC2" name="com.cts.test.Myaccountpagetest" tests="3" failures="0" timestamp="30 Mar 2020 11:37:16 GMT" time="121.150" errors="0">
  <testcase name="logincheck" time="62.923" classname="com.cts.test.Myaccountpagetest"/>
  <testcase name="landpagetest" time="24.071" classname="com.cts.test.Myaccountpagetest"/>
  <testcase name="titlecheck" time="34.156" classname="com.cts.test.Myaccountpagetest"/>
</testsuite> <!-- com.cts.test.Myaccountpagetest -->
